[INFO] 15:51:23:132 LFS Logs/(5769:5769): Inicializando proceso LISSANDRA FILE SYSTEM. 

[INFO] 15:51:23:132 LFS Logs/(5769:5769): Levantando archivo de configuracion del proceso LFS 

[INFO] 15:51:23:133 LFS Logs/(5769:5769): Archivo de configuracion del proceso LFS levantado 

[INFO] 15:51:23:145 LFS Logs/(5769:5769): El tamanio del bitmap es de 3000 bits
[INFO] 15:51:23:145 LFS Logs/(5769:5769): Levantando tablas ya existentes..
[INFO] 15:52:36:379 LFS Logs/(5769:5771): Request de memoria recibida.. 

[INFO] 15:53:03:146 LFS Logs/(5769:5772): Iniciando proceso Dump
[INFO] 15:53:05:451 LFS Logs/(5769:5771): Request de memoria recibida.. 

[INFO] 15:53:05:653 LFS Logs/(5769:5771): Procesando SELECT:  TABLA 4
[INFO] 15:53:05:653 LFS Logs/(5769:5771): SELECT recibido Tabla: TABLA Key: 4
[INFO] 15:53:05:654 LFS Logs/(5769:5771): Leyendo registros de /home/utnso/tp-2019-1c-Los-Sisoperadores/LissandraFileSystem/FS_LISSANDRA/Tablas/TABLA/0.bin... 
[INFO] 15:54:39:745 LFS Logs/(5769:5771): Request de memoria recibida.. 

[INFO] 15:54:39:946 LFS Logs/(5769:5771): Procesando DESCRIBE:  TABLA
[INFO] 15:54:39:949 LFS Logs/(5769:5771): Request de memoria recibida.. 

[INFO] 15:54:40:149 LFS Logs/(5769:5771): Procesando INSERT:  TABLA 4 "JAJA" 1563216870251.000000
[INFO] 15:54:40:149 LFS Logs/(5769:5771): Insert de 4;JAJA en TABLA realizado en memtable
[INFO] 15:54:43:147 LFS Logs/(5769:5772): Iniciando proceso Dump
[INFO] 15:54:56:212 LFS Logs/(5769:5771): Request de memoria recibida.. 

[INFO] 15:54:56:415 LFS Logs/(5769:5771): Procesando SELECT:  TABLA 4
[INFO] 15:54:56:415 LFS Logs/(5769:5771): SELECT recibido Tabla: TABLA Key: 4
[INFO] 15:54:56:415 LFS Logs/(5769:5771): Leyendo registros de /home/utnso/tp-2019-1c-Los-Sisoperadores/LissandraFileSystem/FS_LISSANDRA/Tablas/TABLA/tmp0.tmp... 
[INFO] 15:54:56:415 LFS Logs/(5769:5771): Filtrando registros..
[INFO] 15:54:56:415 LFS Logs/(5769:5771): Filtrado completo
[INFO] 15:54:56:415 LFS Logs/(5769:5771): Leyendo registros de /home/utnso/tp-2019-1c-Los-Sisoperadores/LissandraFileSystem/FS_LISSANDRA/Tablas/TABLA/0.bin... 
[INFO] 15:54:56:416 LFS Logs/(5769:5771): Filtrando registros..
[INFO] 15:54:56:416 LFS Logs/(5769:5771): Filtrado completo
[INFO] 15:54:56:416 LFS Logs/(5769:5771): Select a key 4
[INFO] 15:55:11:797 LFS Logs/(5769:5771): Request de memoria recibida.. 

[INFO] 15:55:11:998 LFS Logs/(5769:5771): Procesando DESCRIBE:  TABLA
[INFO] 15:55:11:0 LFS Logs/(5769:5771): Request de memoria recibida.. 

[INFO] 15:55:12:202 LFS Logs/(5769:5771): Procesando INSERT:  TABLA 5 "JEJE" 1563216903927.000000
[INFO] 15:55:12:202 LFS Logs/(5769:5771): Insert de 5;JEJE en TABLA realizado en memtable
[INFO] 15:55:12:202 LFS Logs/(5769:5771): Request de memoria recibida.. 

[INFO] 15:55:12:404 LFS Logs/(5769:5771): Procesando INSERT:  TABLA 8 "JAJAJ" 1563216909914.000000
[INFO] 15:55:12:405 LFS Logs/(5769:5771): Insert de 8;JAJAJ en TABLA realizado en memtable
[INFO] 15:55:17:786 LFS Logs/(5769:5771): Request de memoria recibida.. 

[INFO] 15:55:17:987 LFS Logs/(5769:5771): Procesando SELECT:  TABLA 7
[INFO] 15:55:17:988 LFS Logs/(5769:5771): SELECT recibido Tabla: TABLA Key: 7
[INFO] 15:55:17:988 LFS Logs/(5769:5771): Filtrando registros..
[INFO] 15:55:17:988 LFS Logs/(5769:5771): Filtrado completo
[INFO] 15:55:17:988 LFS Logs/(5769:5771): Leyendo registros de /home/utnso/tp-2019-1c-Los-Sisoperadores/LissandraFileSystem/FS_LISSANDRA/Tablas/TABLA/tmp0.tmp... 
[INFO] 15:55:17:988 LFS Logs/(5769:5771): Filtrando registros..
[INFO] 15:55:17:988 LFS Logs/(5769:5771): Filtrado completo
[INFO] 15:55:17:990 LFS Logs/(5769:5771): Leyendo registros de /home/utnso/tp-2019-1c-Los-Sisoperadores/LissandraFileSystem/FS_LISSANDRA/Tablas/TABLA/1.bin... 
[INFO] 15:55:21:83 LFS Logs/(5769:5771): Request de memoria recibida.. 

[INFO] 15:55:21:285 LFS Logs/(5769:5771): Procesando SELECT:  TABLA 8
[INFO] 15:55:21:286 LFS Logs/(5769:5771): SELECT recibido Tabla: TABLA Key: 8
[INFO] 15:55:21:286 LFS Logs/(5769:5771): Filtrando registros..
[INFO] 15:55:21:286 LFS Logs/(5769:5771): Filtrado completo
[INFO] 15:55:21:286 LFS Logs/(5769:5771): Leyendo registros de /home/utnso/tp-2019-1c-Los-Sisoperadores/LissandraFileSystem/FS_LISSANDRA/Tablas/TABLA/tmp0.tmp... 
[INFO] 15:55:21:287 LFS Logs/(5769:5771): Filtrando registros..
[INFO] 15:55:21:287 LFS Logs/(5769:5771): Filtrado completo
[INFO] 15:55:21:287 LFS Logs/(5769:5771): Leyendo registros de /home/utnso/tp-2019-1c-Los-Sisoperadores/LissandraFileSystem/FS_LISSANDRA/Tablas/TABLA/0.bin... 
[INFO] 15:55:21:287 LFS Logs/(5769:5771): Filtrando registros..
[INFO] 15:55:21:287 LFS Logs/(5769:5771): Filtrado completo
[INFO] 15:55:21:287 LFS Logs/(5769:5771): Select a key 8
[INFO] 15:55:45:485 LFS Logs/(5769:5771): Request de memoria recibida.. 

[INFO] 15:55:45:686 LFS Logs/(5769:5771): Procesando SELECT:  TABLA 5
[INFO] 15:55:45:686 LFS Logs/(5769:5771): SELECT recibido Tabla: TABLA Key: 5
[INFO] 15:55:45:687 LFS Logs/(5769:5771): Filtrando registros..
[INFO] 15:55:45:687 LFS Logs/(5769:5771): Filtrado completo
[INFO] 15:55:45:687 LFS Logs/(5769:5771): Leyendo registros de /home/utnso/tp-2019-1c-Los-Sisoperadores/LissandraFileSystem/FS_LISSANDRA/Tablas/TABLA/tmp0.tmp... 
[INFO] 15:55:45:687 LFS Logs/(5769:5771): Filtrando registros..
[INFO] 15:55:45:688 LFS Logs/(5769:5771): Filtrado completo
[INFO] 15:55:45:688 LFS Logs/(5769:5771): Leyendo registros de /home/utnso/tp-2019-1c-Los-Sisoperadores/LissandraFileSystem/FS_LISSANDRA/Tablas/TABLA/1.bin... 
[INFO] 15:55:45:688 LFS Logs/(5769:5771): Filtrando registros..
[INFO] 15:55:45:688 LFS Logs/(5769:5771): Filtrado completo
[INFO] 15:55:45:688 LFS Logs/(5769:5771): Select a key 5
[INFO] 15:55:48:852 LFS Logs/(5769:5771): Request de memoria recibida.. 

[INFO] 15:55:49:55 LFS Logs/(5769:5771): Procesando DESCRIBE:  TABLA
[INFO] 15:56:10:559 LFS Logs/(5769:5771): Request de memoria recibida.. 

[INFO] 15:56:10:762 LFS Logs/(5769:5771): Procesando SELECT:  TABLA 8
[INFO] 15:56:10:763 LFS Logs/(5769:5771): SELECT recibido Tabla: TABLA Key: 8
[INFO] 15:56:10:763 LFS Logs/(5769:5771): Filtrando registros..
[INFO] 15:56:10:763 LFS Logs/(5769:5771): Filtrado completo
[INFO] 15:56:10:763 LFS Logs/(5769:5771): Leyendo registros de /home/utnso/tp-2019-1c-Los-Sisoperadores/LissandraFileSystem/FS_LISSANDRA/Tablas/TABLA/tmp0.tmp... 
[INFO] 15:56:10:763 LFS Logs/(5769:5771): Filtrando registros..
[INFO] 15:56:10:763 LFS Logs/(5769:5771): Filtrado completo
[INFO] 15:56:10:764 LFS Logs/(5769:5771): Leyendo registros de /home/utnso/tp-2019-1c-Los-Sisoperadores/LissandraFileSystem/FS_LISSANDRA/Tablas/TABLA/0.bin... 
[INFO] 15:56:10:764 LFS Logs/(5769:5771): Filtrando registros..
[INFO] 15:56:10:764 LFS Logs/(5769:5771): Filtrado completo
[INFO] 15:56:10:764 LFS Logs/(5769:5771): Select a key 8
[INFO] 15:56:14:225 LFS Logs/(5769:5771): Request de memoria recibida.. 

[INFO] 15:56:14:430 LFS Logs/(5769:5771): Procesando DROP:  TABLA
[INFO] 15:56:14:431 LFS Logs/(5769:5771): TABLA eliminada de memtable
[INFO] 15:56:14:431 LFS Logs/(5769:5771): Bloque 0 liberado
[INFO] 15:56:14:434 LFS Logs/(5769:5771): Bloque 1 liberado
[INFO] 15:56:14:435 LFS Logs/(5769:5771): Bloque 2 liberado
[INFO] 15:56:17:972 LFS Logs/(5769:5771): Request de memoria recibida.. 

[INFO] 15:56:18:176 LFS Logs/(5769:5771): Procesando SELECT:  TABLA 8
[INFO] 15:56:18:176 LFS Logs/(5769:5771): SELECT recibido Tabla: TABLA Key: 8
[INFO] 15:56:23:159 LFS Logs/(5769:5772): Iniciando proceso Dump
