[TRACE] 16:24:56:787 LFS Results Logs/(23431:23431): Compactacion de <(null)> exitosa. Tiempo: 0.000000 milisegundos
[TRACE] 16:25:45:394 LFS Results Logs/(23431:23431): Compactacion de <(null)> exitosa. Tiempo: 0.000000 milisegundos
[TRACE] 16:28:02:188 LFS Results Logs/(23724:23724): Compactacion de <(null)> exitosa. Tiempo: 0.000000 milisegundos
[TRACE] 16:28:31:423 LFS Results Logs/(23724:23724): Compactacion de <(null)> exitosa. Tiempo: 0.000000 milisegundos
[TRACE] 16:31:04:404 LFS Results Logs/(23898:23898): Compactacion de <TABLA> exitosa. Tiempo: 9000.000000 milisegundos
[TRACE] 16:31:22:461 LFS Results Logs/(23898:23898): Compactacion de <TABLA> exitosa. Tiempo: 14000.000000 milisegundos
[TRACE] 16:31:38:561 LFS Results Logs/(23898:23898): Compactacion de <TABLA> exitosa. Tiempo: 9000.000000 milisegundos
[TRACE] 16:31:41:494 LFS Results Logs/(23898:23898): Registro con mayor timestamp: 1563305497057.000000;25;FDSFSDFSF
[TRACE] 16:31:50:631 LFS Results Logs/(23898:23898): Registro con mayor timestamp: 1563305456806.000000;8;DSGSDFSD
[TRACE] 16:34:40:637 LFS Results Logs/(24109:24109): 
Metadata de TABLA: 
 CONSISTENCIA: 2
PARTICIONES=2
TIEMPO_COMPACTACION=2
[TRACE] 16:35:20:280 LFS Results Logs/(24206:24206): 
Metadata de TABLA: 
-CONSISTENCIA: 2
-PARTICIONES=2
-TIEMPO_COMPACTACION=2
[TRACE] 21:26:46:160 LFS Results Logs/(8574:8574): Registro con mayor timestamp: 1563323202455.000000;4;FSDFSDF
[TRACE] 21:26:48:503 LFS Results Logs/(8574:8574): 
Metadata de TABLA: 
-CONSISTENCIA: 2
-PARTICIONES=2
-TIEMPO_COMPACTACION=2
[TRACE] 21:26:48:520 LFS Results Logs/(8574:8574): Compactacion de <TABLA> exitosa. Tiempo: 8000.000000 milisegundos
[TRACE] 21:26:56:86 LFS Results Logs/(8574:8574): Registro con mayor timestamp: 1563323202455.000000;4;FSDFSDF
[TRACE] 21:27:11:4 LFS Results Logs/(8574:8574): 
Metadata de TABLA: 
-CONSISTENCIA: 2
-PARTICIONES=2
-TIEMPO_COMPACTACION=2
[TRACE] 21:27:11:25 LFS Results Logs/(8574:8574): Compactacion de <TABLA> exitosa. Tiempo: 12000.000000 milisegundos
[TRACE] 21:27:14:143 LFS Results Logs/(8574:8574): Registro con mayor timestamp: 1563323229441.000000;10;FSDFDSFSDDF
[TRACE] 21:27:34:265 LFS Results Logs/(8574:8574): 
Metadata de TABLA: 
-CONSISTENCIA: 2
-PARTICIONES=2
-TIEMPO_COMPACTACION=2
[TRACE] 21:27:34:285 LFS Results Logs/(8574:8574): Compactacion de <TABLA> exitosa. Tiempo: 10000.000000 milisegundos
[TRACE] 21:28:08:816 LFS Results Logs/(8574:8574): 
Metadata de TABLA: 
-CONSISTENCIA: 2
-PARTICIONES=2
-TIEMPO_COMPACTACION=2
[TRACE] 21:28:08:903 LFS Results Logs/(8574:8574): Compactacion de <TABLA> exitosa. Tiempo: 74000.000000 milisegundos
[TRACE] 21:29:23:518 LFS Results Logs/(8719:8719): 
Metadata de TABLA: 
-CONSISTENCIA: 2
-PARTICIONES=2
-TIEMPO_COMPACTACION=2
[TRACE] 21:30:41:485 LFS Results Logs/(8800:8800): 
Metadata de TABLA: 
-CONSISTENCIA: 2
-PARTICIONES=2
-TIEMPO_COMPACTACION=2
[TRACE] 21:30:41:518 LFS Results Logs/(8800:8800): Compactacion de <TABLA> exitosa. Tiempo: 20000.000000 milisegundos
[TRACE] 21:30:55:551 LFS Results Logs/(8800:8800): 
Metadata de TABLA: 
-CONSISTENCIA: 2
-PARTICIONES=2
-TIEMPO_COMPACTACION=2
[TRACE] 21:30:55:581 LFS Results Logs/(8800:8800): Compactacion de <TABLA> exitosa. Tiempo: 21000.000000 milisegundos
[TRACE] 21:31:59:687 LFS Results Logs/(8855:8855): 
Metadata de TABLA: 
-CONSISTENCIA: 2
-PARTICIONES=2
-TIEMPO_COMPACTACION=2
[TRACE] 21:36:50:982 LFS Results Logs/(9225:9225): 
Metadata de TABLA: 
-CONSISTENCIA: 2
-PARTICIONES=2
-TIEMPO_COMPACTACION=2
[TRACE] 21:36:50:998 LFS Results Logs/(9225:9225): Compactacion de <TABLA> exitosa. Tiempo: 10000.000000 milisegundos
[TRACE] 21:38:59:529 LFS Results Logs/(9225:9225): Registro con mayor timestamp: 1563323808925.000000;4;FSDFSFDS
[TRACE] 09:00:24:735 LFS Results Logs/(5968:5968): 
Metadata de TABLA: 
-CONSISTENCIA: 2
-PARTICIONES=2
-TIEMPO_COMPACTACION=2
[TRACE] 09:00:59:971 LFS Results Logs/(5968:5968): 
Metadata de TABLA: 
-CONSISTENCIA: 2
-PARTICIONES=2
-TIEMPO_COMPACTACION=2
[TRACE] 09:00:59:996 LFS Results Logs/(5968:5968): Compactacion de <TABLA> exitosa. Tiempo: 16000.000000 milisegundos
[TRACE] 09:01:03:303 LFS Results Logs/(5968:5968): Registro con mayor timestamp: 1563364858016.000000;32;DALE JULI
[TRACE] 09:01:35:905 LFS Results Logs/(5968:5968): Registro con mayor timestamp: 1563364858016.000000;32;DALE JULI
[TRACE] 09:01:40:425 LFS Results Logs/(5968:5968): 
Metadata de TABLA: 
-CONSISTENCIA: 2
-PARTICIONES=2
-TIEMPO_COMPACTACION=2
[TRACE] 09:01:40:450 LFS Results Logs/(5968:5968): Compactacion de <TABLA> exitosa. Tiempo: 12000.000000 milisegundos
[TRACE] 09:01:43:330 LFS Results Logs/(5968:5968): Registro con mayor timestamp: 1563364858016.000000;32;DALE JULI
[TRACE] 09:04:30:32 LFS Results Logs/(6141:6141): Insert de 4;FSDFDS en TABLA realizado en memtable
[TRACE] 12:42:22:808 LFS Results Logs/(5016:5018): 
Metadata de TABLA: 
-CONSISTENCIA: 2
-PARTICIONES=2
-TIEMPO_COMPACTACION=300000
[TRACE] 12:42:42:755 LFS Results Logs/(5016:5018): 
Metadata de TABLA: 
-CONSISTENCIA: 2
-PARTICIONES=2
-TIEMPO_COMPACTACION=300000
[TRACE] 12:42:53:375 LFS Results Logs/(5016:5018): 
Metadata de TABLA: 
-CONSISTENCIA: 2
-PARTICIONES=2
-TIEMPO_COMPACTACION=300000
[TRACE] 12:43:08:703 LFS Results Logs/(5016:5018): 
Metadata de TABLA: 
-CONSISTENCIA: 2
-PARTICIONES=2
-TIEMPO_COMPACTACION=300000
[TRACE] 12:43:24:9 LFS Results Logs/(5016:5018): 
Metadata de TABLA: 
-CONSISTENCIA: 2
-PARTICIONES=2
-TIEMPO_COMPACTACION=300000
[TRACE] 12:43:39:314 LFS Results Logs/(5016:5018): 
Metadata de TABLA: 
-CONSISTENCIA: 2
-PARTICIONES=2
-TIEMPO_COMPACTACION=300000
[TRACE] 12:43:54:617 LFS Results Logs/(5016:5018): 
Metadata de TABLA: 
-CONSISTENCIA: 2
-PARTICIONES=2
-TIEMPO_COMPACTACION=300000
[TRACE] 12:44:09:922 LFS Results Logs/(5016:5018): 
Metadata de TABLA: 
-CONSISTENCIA: 2
-PARTICIONES=2
-TIEMPO_COMPACTACION=300000
[TRACE] 12:44:25:231 LFS Results Logs/(5016:5018): 
Metadata de TABLA: 
-CONSISTENCIA: 2
-PARTICIONES=2
-TIEMPO_COMPACTACION=300000
[TRACE] 12:44:40:538 LFS Results Logs/(5016:5018): 
Metadata de TABLA: 
-CONSISTENCIA: 2
-PARTICIONES=2
-TIEMPO_COMPACTACION=300000
[TRACE] 12:44:55:842 LFS Results Logs/(5016:5018): 
Metadata de TABLA: 
-CONSISTENCIA: 2
-PARTICIONES=2
-TIEMPO_COMPACTACION=300000
[TRACE] 12:45:11:145 LFS Results Logs/(5016:5018): 
Metadata de TABLA: 
-CONSISTENCIA: 2
-PARTICIONES=2
-TIEMPO_COMPACTACION=300000
[TRACE] 12:45:26:449 LFS Results Logs/(5016:5018): 
Metadata de TABLA: 
-CONSISTENCIA: 2
-PARTICIONES=2
-TIEMPO_COMPACTACION=300000
[TRACE] 12:45:41:754 LFS Results Logs/(5016:5018): 
Metadata de TABLA: 
-CONSISTENCIA: 2
-PARTICIONES=2
-TIEMPO_COMPACTACION=300000
[TRACE] 12:45:57:59 LFS Results Logs/(5016:5018): 
Metadata de TABLA: 
-CONSISTENCIA: 2
-PARTICIONES=2
-TIEMPO_COMPACTACION=300000
[TRACE] 12:46:12:368 LFS Results Logs/(5016:5018): 
Metadata de TABLA: 
-CONSISTENCIA: 2
-PARTICIONES=2
-TIEMPO_COMPACTACION=300000
[TRACE] 12:46:27:675 LFS Results Logs/(5016:5018): 
Metadata de TABLA: 
-CONSISTENCIA: 2
-PARTICIONES=2
-TIEMPO_COMPACTACION=300000
[TRACE] 12:46:42:991 LFS Results Logs/(5016:5018): 
Metadata de TABLA: 
-CONSISTENCIA: 2
-PARTICIONES=2
-TIEMPO_COMPACTACION=300000
[TRACE] 12:47:20:603 LFS Results Logs/(5016:5018): 
Metadata de TABLA: 
-CONSISTENCIA: 2
-PARTICIONES=2
-TIEMPO_COMPACTACION=300000
[TRACE] 12:47:29:483 LFS Results Logs/(5016:5018): 
Metadata de TABLA: 
-CONSISTENCIA: 2
-PARTICIONES=2
-TIEMPO_COMPACTACION=300000
[TRACE] 12:47:44:788 LFS Results Logs/(5016:5018): 
Metadata de TABLA: 
-CONSISTENCIA: 2
-PARTICIONES=2
-TIEMPO_COMPACTACION=300000
[TRACE] 12:48:00:96 LFS Results Logs/(5016:5018): 
Metadata de TABLA: 
-CONSISTENCIA: 2
-PARTICIONES=2
-TIEMPO_COMPACTACION=300000
[TRACE] 12:48:15:400 LFS Results Logs/(5016:5018): 
Metadata de TABLA: 
-CONSISTENCIA: 2
-PARTICIONES=2
-TIEMPO_COMPACTACION=300000
[TRACE] 12:48:30:705 LFS Results Logs/(5016:5018): 
Metadata de TABLA: 
-CONSISTENCIA: 2
-PARTICIONES=2
-TIEMPO_COMPACTACION=300000
[TRACE] 12:48:46:11 LFS Results Logs/(5016:5018): 
Metadata de TABLA: 
-CONSISTENCIA: 2
-PARTICIONES=2
-TIEMPO_COMPACTACION=300000
[TRACE] 12:54:28:370 LFS Results Logs/(7063:7065): 
Metadata de TABLA: 
-CONSISTENCIA: 2
-PARTICIONES=2
-TIEMPO_COMPACTACION=300000
[TRACE] 12:54:43:673 LFS Results Logs/(7063:7065): 
Metadata de TABLA: 
-CONSISTENCIA: 2
-PARTICIONES=2
-TIEMPO_COMPACTACION=300000
[TRACE] 12:54:58:978 LFS Results Logs/(7063:7065): 
Metadata de TABLA: 
-CONSISTENCIA: 2
-PARTICIONES=2
-TIEMPO_COMPACTACION=300000
[TRACE] 12:55:14:292 LFS Results Logs/(7063:7065): 
Metadata de TABLA: 
-CONSISTENCIA: 2
-PARTICIONES=2
-TIEMPO_COMPACTACION=300000
[TRACE] 13:02:45:788 LFS Results Logs/(7063:7065): 
Metadata de TABLA: 
-CONSISTENCIA: 2
-PARTICIONES=2
-TIEMPO_COMPACTACION=300000
[TRACE] 13:02:45:788 LFS Results Logs/(7063:7065): 
Metadata de MARINOS: 
-CONSISTENCIA: 2
-PARTICIONES=1
-TIEMPO_COMPACTACION=10000
[TRACE] 13:05:15:190 LFS Results Logs/(7518:7520): 
Metadata de TABLA: 
-CONSISTENCIA: 2
-PARTICIONES=2
-TIEMPO_COMPACTACION=300000
[TRACE] 13:05:15:190 LFS Results Logs/(7518:7520): 
Metadata de MARINOS: 
-CONSISTENCIA: 2
-PARTICIONES=1
-TIEMPO_COMPACTACION=10000
[TRACE] 13:05:30:493 LFS Results Logs/(7518:7520): 
Metadata de TABLA: 
-CONSISTENCIA: 2
-PARTICIONES=2
-TIEMPO_COMPACTACION=300000
[TRACE] 13:05:30:494 LFS Results Logs/(7518:7520): 
Metadata de MARINOS: 
-CONSISTENCIA: 2
-PARTICIONES=1
-TIEMPO_COMPACTACION=10000
[TRACE] 13:14:28:156 LFS Results Logs/(7518:7520): 
Metadata de TABLA: 
-CONSISTENCIA: 2
-PARTICIONES=2
-TIEMPO_COMPACTACION=300000
[TRACE] 13:14:28:156 LFS Results Logs/(7518:7520): 
Metadata de TABL3: 
-CONSISTENCIA: 2
-PARTICIONES=2
-TIEMPO_COMPACTACION=44444
[TRACE] 13:14:28:157 LFS Results Logs/(7518:7520): 
Metadata de MARINOS: 
-CONSISTENCIA: 2
-PARTICIONES=1
-TIEMPO_COMPACTACION=10000
[TRACE] 13:14:43:461 LFS Results Logs/(7518:7520): 
Metadata de TABLA: 
-CONSISTENCIA: 2
-PARTICIONES=2
-TIEMPO_COMPACTACION=300000
[TRACE] 13:14:43:462 LFS Results Logs/(7518:7520): 
Metadata de TABL3: 
-CONSISTENCIA: 2
-PARTICIONES=2
-TIEMPO_COMPACTACION=44444
[TRACE] 13:14:43:462 LFS Results Logs/(7518:7520): 
Metadata de MARINOS: 
-CONSISTENCIA: 2
-PARTICIONES=1
-TIEMPO_COMPACTACION=10000
[TRACE] 13:14:58:767 LFS Results Logs/(7518:7520): 
Metadata de TABLA: 
-CONSISTENCIA: 2
-PARTICIONES=2
-TIEMPO_COMPACTACION=300000
[TRACE] 13:14:58:768 LFS Results Logs/(7518:7520): 
Metadata de TABL3: 
-CONSISTENCIA: 2
-PARTICIONES=2
-TIEMPO_COMPACTACION=44444
[TRACE] 13:14:58:768 LFS Results Logs/(7518:7520): 
Metadata de MARINOS: 
-CONSISTENCIA: 2
-PARTICIONES=1
-TIEMPO_COMPACTACION=10000
[TRACE] 13:15:14:74 LFS Results Logs/(7518:7520): 
Metadata de TABLA: 
-CONSISTENCIA: 2
-PARTICIONES=2
-TIEMPO_COMPACTACION=300000
[TRACE] 13:15:14:74 LFS Results Logs/(7518:7520): 
Metadata de TABL3: 
-CONSISTENCIA: 2
-PARTICIONES=2
-TIEMPO_COMPACTACION=44444
[TRACE] 13:15:14:74 LFS Results Logs/(7518:7520): 
Metadata de MARINOS: 
-CONSISTENCIA: 2
-PARTICIONES=1
-TIEMPO_COMPACTACION=10000
[TRACE] 13:15:29:378 LFS Results Logs/(7518:7520): 
Metadata de TABLA: 
-CONSISTENCIA: 2
-PARTICIONES=2
-TIEMPO_COMPACTACION=300000
[TRACE] 13:15:29:378 LFS Results Logs/(7518:7520): 
Metadata de TABL3: 
-CONSISTENCIA: 2
-PARTICIONES=2
-TIEMPO_COMPACTACION=44444
[TRACE] 13:15:29:378 LFS Results Logs/(7518:7520): 
Metadata de MARINOS: 
-CONSISTENCIA: 2
-PARTICIONES=1
-TIEMPO_COMPACTACION=10000
[TRACE] 13:15:44:681 LFS Results Logs/(7518:7520): 
Metadata de TABLA: 
-CONSISTENCIA: 2
-PARTICIONES=2
-TIEMPO_COMPACTACION=300000
[TRACE] 13:15:44:681 LFS Results Logs/(7518:7520): 
Metadata de TABL3: 
-CONSISTENCIA: 2
-PARTICIONES=2
-TIEMPO_COMPACTACION=44444
[TRACE] 13:15:44:682 LFS Results Logs/(7518:7520): 
Metadata de MARINOS: 
-CONSISTENCIA: 2
-PARTICIONES=1
-TIEMPO_COMPACTACION=10000
[TRACE] 13:15:59:987 LFS Results Logs/(7518:7520): 
Metadata de TABLA: 
-CONSISTENCIA: 2
-PARTICIONES=2
-TIEMPO_COMPACTACION=300000
[TRACE] 13:15:59:989 LFS Results Logs/(7518:7520): 
Metadata de TABL3: 
-CONSISTENCIA: 2
-PARTICIONES=2
-TIEMPO_COMPACTACION=44444
[TRACE] 13:15:59:989 LFS Results Logs/(7518:7520): 
Metadata de PAPA: 
-CONSISTENCIA: 2
-PARTICIONES=2
-TIEMPO_COMPACTACION=55555
[TRACE] 13:15:59:989 LFS Results Logs/(7518:7520): 
Metadata de MARINOS: 
-CONSISTENCIA: 2
-PARTICIONES=1
-TIEMPO_COMPACTACION=10000
[TRACE] 13:16:15:293 LFS Results Logs/(7518:7520): 
Metadata de TABLA: 
-CONSISTENCIA: 2
-PARTICIONES=2
-TIEMPO_COMPACTACION=300000
[TRACE] 13:16:15:293 LFS Results Logs/(7518:7520): 
Metadata de TABL3: 
-CONSISTENCIA: 2
-PARTICIONES=2
-TIEMPO_COMPACTACION=44444
[TRACE] 13:16:15:294 LFS Results Logs/(7518:7520): 
Metadata de PAPA: 
-CONSISTENCIA: 2
-PARTICIONES=2
-TIEMPO_COMPACTACION=55555
[TRACE] 13:16:15:294 LFS Results Logs/(7518:7520): 
Metadata de MARINOS: 
-CONSISTENCIA: 2
-PARTICIONES=1
-TIEMPO_COMPACTACION=10000
[TRACE] 13:16:30:599 LFS Results Logs/(7518:7520): 
Metadata de TABLA: 
-CONSISTENCIA: 2
-PARTICIONES=2
-TIEMPO_COMPACTACION=300000
[TRACE] 13:16:30:600 LFS Results Logs/(7518:7520): 
Metadata de TABL3: 
-CONSISTENCIA: 2
-PARTICIONES=2
-TIEMPO_COMPACTACION=44444
[TRACE] 13:16:30:600 LFS Results Logs/(7518:7520): 
Metadata de PAPA: 
-CONSISTENCIA: 2
-PARTICIONES=2
-TIEMPO_COMPACTACION=55555
[TRACE] 13:16:30:601 LFS Results Logs/(7518:7520): 
Metadata de MARINOS: 
-CONSISTENCIA: 2
-PARTICIONES=1
-TIEMPO_COMPACTACION=10000
[TRACE] 13:16:41:902 LFS Results Logs/(7518:7520): 
Metadata de TABL3: 
-CONSISTENCIA: 2
-PARTICIONES=2
-TIEMPO_COMPACTACION=44444
[TRACE] 13:16:42:104 LFS Results Logs/(7518:7520): 
Metadata de PAPA: 
-CONSISTENCIA: 2
-PARTICIONES=2
-TIEMPO_COMPACTACION=55555
[TRACE] 13:16:42:307 LFS Results Logs/(7518:7520): Insert de 4;SDFSDFDFSD en PAPA realizado en memtable
[TRACE] 13:16:45:908 LFS Results Logs/(7518:7520): 
Metadata de TABLA: 
-CONSISTENCIA: 2
-PARTICIONES=2
-TIEMPO_COMPACTACION=300000
[TRACE] 13:16:45:909 LFS Results Logs/(7518:7520): 
Metadata de TABL3: 
-CONSISTENCIA: 2
-PARTICIONES=2
-TIEMPO_COMPACTACION=44444
[TRACE] 13:16:45:909 LFS Results Logs/(7518:7520): 
Metadata de PAPA: 
-CONSISTENCIA: 2
-PARTICIONES=2
-TIEMPO_COMPACTACION=55555
[TRACE] 13:16:45:910 LFS Results Logs/(7518:7520): 
Metadata de MARINOS: 
-CONSISTENCIA: 2
-PARTICIONES=1
-TIEMPO_COMPACTACION=10000
[TRACE] 13:43:11:286 LFS Results Logs/(8556:8558): 
Metadata de TABLA: 
-CONSISTENCIA: 2
-PARTICIONES=2
-TIEMPO_COMPACTACION=300000
[TRACE] 13:43:11:287 LFS Results Logs/(8556:8558): 
Metadata de TABL3: 
-CONSISTENCIA: 2
-PARTICIONES=2
-TIEMPO_COMPACTACION=44444
[TRACE] 13:43:11:288 LFS Results Logs/(8556:8558): 
Metadata de PAPA: 
-CONSISTENCIA: 2
-PARTICIONES=2
-TIEMPO_COMPACTACION=55555
[TRACE] 13:43:11:288 LFS Results Logs/(8556:8558): 
Metadata de MARINOS: 
-CONSISTENCIA: 2
-PARTICIONES=1
-TIEMPO_COMPACTACION=10000
[TRACE] 13:43:28:694 LFS Results Logs/(8556:8558): 
Metadata de TABLA: 
-CONSISTENCIA: 2
-PARTICIONES=2
-TIEMPO_COMPACTACION=300000
[TRACE] 13:43:28:695 LFS Results Logs/(8556:8558): 
Metadata de TABL3: 
-CONSISTENCIA: 2
-PARTICIONES=2
-TIEMPO_COMPACTACION=44444
[TRACE] 13:43:28:695 LFS Results Logs/(8556:8558): 
Metadata de PAPA: 
-CONSISTENCIA: 2
-PARTICIONES=2
-TIEMPO_COMPACTACION=55555
[TRACE] 13:43:28:695 LFS Results Logs/(8556:8558): 
Metadata de MARINOS: 
-CONSISTENCIA: 2
-PARTICIONES=1
-TIEMPO_COMPACTACION=10000
[TRACE] 13:43:55:856 LFS Results Logs/(8556:8558): 
Metadata de TABLA: 
-CONSISTENCIA: 2
-PARTICIONES=2
-TIEMPO_COMPACTACION=300000
[TRACE] 13:43:55:857 LFS Results Logs/(8556:8558): 
Metadata de TABL3: 
-CONSISTENCIA: 2
-PARTICIONES=2
-TIEMPO_COMPACTACION=44444
[TRACE] 13:43:55:857 LFS Results Logs/(8556:8558): 
Metadata de PAPA: 
-CONSISTENCIA: 2
-PARTICIONES=2
-TIEMPO_COMPACTACION=55555
[TRACE] 13:43:55:858 LFS Results Logs/(8556:8558): 
Metadata de MARINOS: 
-CONSISTENCIA: 2
-PARTICIONES=1
-TIEMPO_COMPACTACION=10000
[TRACE] 13:45:10:615 LFS Results Logs/(8556:8558): 
Metadata de TABLA: 
-CONSISTENCIA: 2
-PARTICIONES=2
-TIEMPO_COMPACTACION=300000
[TRACE] 13:45:10:615 LFS Results Logs/(8556:8558): 
Metadata de TABL3: 
-CONSISTENCIA: 2
-PARTICIONES=2
-TIEMPO_COMPACTACION=44444
[TRACE] 13:45:10:616 LFS Results Logs/(8556:8558): 
Metadata de PAPA: 
-CONSISTENCIA: 2
-PARTICIONES=2
-TIEMPO_COMPACTACION=55555
[TRACE] 13:45:10:617 LFS Results Logs/(8556:8558): 
Metadata de MARINOS: 
-CONSISTENCIA: 2
-PARTICIONES=1
-TIEMPO_COMPACTACION=10000
[TRACE] 13:47:00:383 LFS Results Logs/(8556:8558): 
Metadata de TABLA: 
-CONSISTENCIA: 2
-PARTICIONES=2
-TIEMPO_COMPACTACION=300000
[TRACE] 13:47:00:384 LFS Results Logs/(8556:8558): 
Metadata de TABL3: 
-CONSISTENCIA: 2
-PARTICIONES=2
-TIEMPO_COMPACTACION=44444
[TRACE] 13:47:00:384 LFS Results Logs/(8556:8558): 
Metadata de PAPA: 
-CONSISTENCIA: 2
-PARTICIONES=2
-TIEMPO_COMPACTACION=55555
[TRACE] 13:47:00:385 LFS Results Logs/(8556:8558): 
Metadata de MARINOS: 
-CONSISTENCIA: 2
-PARTICIONES=1
-TIEMPO_COMPACTACION=10000
[TRACE] 13:49:52:508 LFS Results Logs/(8556:8558): 
Metadata de TABLA: 
-CONSISTENCIA: 2
-PARTICIONES=2
-TIEMPO_COMPACTACION=300000
[TRACE] 13:49:52:509 LFS Results Logs/(8556:8558): 
Metadata de TABL3: 
-CONSISTENCIA: 2
-PARTICIONES=2
-TIEMPO_COMPACTACION=44444
[TRACE] 13:49:52:510 LFS Results Logs/(8556:8558): 
Metadata de PAPA: 
-CONSISTENCIA: 2
-PARTICIONES=2
-TIEMPO_COMPACTACION=55555
[TRACE] 13:49:52:511 LFS Results Logs/(8556:8558): 
Metadata de MARINOS: 
-CONSISTENCIA: 2
-PARTICIONES=1
-TIEMPO_COMPACTACION=10000
[TRACE] 13:50:14:922 LFS Results Logs/(8556:8558): 
Metadata de TABLA: 
-CONSISTENCIA: 2
-PARTICIONES=2
-TIEMPO_COMPACTACION=300000
[TRACE] 13:50:14:923 LFS Results Logs/(8556:8558): 
Metadata de TABL3: 
-CONSISTENCIA: 2
-PARTICIONES=2
-TIEMPO_COMPACTACION=44444
[TRACE] 13:50:14:926 LFS Results Logs/(8556:8558): 
Metadata de PAPA: 
-CONSISTENCIA: 2
-PARTICIONES=2
-TIEMPO_COMPACTACION=55555
[TRACE] 13:50:14:926 LFS Results Logs/(8556:8558): 
Metadata de MARINOS: 
-CONSISTENCIA: 2
-PARTICIONES=1
-TIEMPO_COMPACTACION=10000
[TRACE] 13:50:30:234 LFS Results Logs/(8556:8558): 
Metadata de TABL3: 
-CONSISTENCIA: 2
-PARTICIONES=2
-TIEMPO_COMPACTACION=44444
[TRACE] 13:50:30:234 LFS Results Logs/(8556:8558): 
Metadata de PAPA: 
-CONSISTENCIA: 2
-PARTICIONES=2
-TIEMPO_COMPACTACION=55555
[TRACE] 13:50:30:235 LFS Results Logs/(8556:8558): 
Metadata de MARINOS: 
-CONSISTENCIA: 2
-PARTICIONES=1
-TIEMPO_COMPACTACION=10000
[TRACE] 13:50:45:542 LFS Results Logs/(8556:8558): 
Metadata de TABL3: 
-CONSISTENCIA: 2
-PARTICIONES=2
-TIEMPO_COMPACTACION=44444
[TRACE] 13:51:00:885 LFS Results Logs/(8556:8558): 
Metadata de TABL3: 
-CONSISTENCIA: 2
-PARTICIONES=2
-TIEMPO_COMPACTACION=44444
[TRACE] 13:51:16:207 LFS Results Logs/(8556:8558): 
Metadata de TABL3: 
-CONSISTENCIA: 2
-PARTICIONES=2
-TIEMPO_COMPACTACION=44444
[TRACE] 13:51:31:513 LFS Results Logs/(8556:8558): 
Metadata de TABL3: 
-CONSISTENCIA: 2
-PARTICIONES=2
-TIEMPO_COMPACTACION=44444
[TRACE] 13:51:46:817 LFS Results Logs/(8556:8558): 
Metadata de TABL3: 
-CONSISTENCIA: 2
-PARTICIONES=2
-TIEMPO_COMPACTACION=44444
[TRACE] 13:54:32:616 LFS Results Logs/(9287:9289): 
Metadata de POSTRES: 
-CONSISTENCIA: 2
-PARTICIONES=3
-TIEMPO_COMPACTACION=60000
[TRACE] 13:54:32:617 LFS Results Logs/(9287:9289): 
Metadata de TABL3: 
-CONSISTENCIA: 2
-PARTICIONES=2
-TIEMPO_COMPACTACION=44444
[TRACE] 13:54:47:923 LFS Results Logs/(9287:9289): 
Metadata de POSTRES: 
-CONSISTENCIA: 2
-PARTICIONES=3
-TIEMPO_COMPACTACION=60000
[TRACE] 13:54:47:923 LFS Results Logs/(9287:9289): 
Metadata de TABL3: 
-CONSISTENCIA: 2
-PARTICIONES=2
-TIEMPO_COMPACTACION=44444
[TRACE] 13:55:03:231 LFS Results Logs/(9287:9289): 
Metadata de POSTRES: 
-CONSISTENCIA: 2
-PARTICIONES=3
-TIEMPO_COMPACTACION=60000
[TRACE] 13:55:03:231 LFS Results Logs/(9287:9289): 
Metadata de TABL3: 
-CONSISTENCIA: 2
-PARTICIONES=2
-TIEMPO_COMPACTACION=44444
[TRACE] 13:55:18:538 LFS Results Logs/(9287:9289): 
Metadata de POSTRES: 
-CONSISTENCIA: 2
-PARTICIONES=3
-TIEMPO_COMPACTACION=60000
[TRACE] 13:55:18:538 LFS Results Logs/(9287:9289): 
Metadata de TABL3: 
-CONSISTENCIA: 2
-PARTICIONES=2
-TIEMPO_COMPACTACION=44444
[TRACE] 13:55:33:853 LFS Results Logs/(9287:9289): 
Metadata de POSTRES: 
-CONSISTENCIA: 2
-PARTICIONES=3
-TIEMPO_COMPACTACION=60000
[TRACE] 13:55:33:854 LFS Results Logs/(9287:9289): 
Metadata de TABL3: 
-CONSISTENCIA: 2
-PARTICIONES=2
-TIEMPO_COMPACTACION=44444
[TRACE] 13:55:49:164 LFS Results Logs/(9287:9289): 
Metadata de POSTRES: 
-CONSISTENCIA: 2
-PARTICIONES=3
-TIEMPO_COMPACTACION=60000
[TRACE] 13:55:49:166 LFS Results Logs/(9287:9289): 
Metadata de TABL3: 
-CONSISTENCIA: 2
-PARTICIONES=2
-TIEMPO_COMPACTACION=44444
[TRACE] 13:56:04:471 LFS Results Logs/(9287:9289): 
Metadata de POSTRES: 
-CONSISTENCIA: 2
-PARTICIONES=3
-TIEMPO_COMPACTACION=60000
[TRACE] 13:56:04:471 LFS Results Logs/(9287:9289): 
Metadata de TABL3: 
-CONSISTENCIA: 2
-PARTICIONES=2
-TIEMPO_COMPACTACION=44444
[TRACE] 13:56:05:444 LFS Results Logs/(9287:9289): 
Metadata de POSTRES: 
-CONSISTENCIA: 2
-PARTICIONES=3
-TIEMPO_COMPACTACION=60000
[TRACE] 13:56:05:444 LFS Results Logs/(9287:9289): 
Metadata de TABL3: 
-CONSISTENCIA: 2
-PARTICIONES=2
-TIEMPO_COMPACTACION=44444
[TRACE] 13:56:19:780 LFS Results Logs/(9287:9289): 
Metadata de TABL3: 
-CONSISTENCIA: 2
-PARTICIONES=2
-TIEMPO_COMPACTACION=44444
[TRACE] 13:56:48:962 LFS Results Logs/(9287:9289): 
Metadata de POSTRES: 
-CONSISTENCIA: 2
-PARTICIONES=3
-TIEMPO_COMPACTACION=60000
[TRACE] 13:56:48:962 LFS Results Logs/(9287:9289): 
Metadata de TABL3: 
-CONSISTENCIA: 2
-PARTICIONES=2
-TIEMPO_COMPACTACION=44444
[TRACE] 13:59:23:760 LFS Results Logs/(9287:9289): 
Metadata de POSTRES: 
-CONSISTENCIA: 2
-PARTICIONES=3
-TIEMPO_COMPACTACION=60000
[TRACE] 13:59:23:760 LFS Results Logs/(9287:9289): 
Metadata de TABL3: 
-CONSISTENCIA: 2
-PARTICIONES=2
-TIEMPO_COMPACTACION=44444
[TRACE] 14:00:11:319 LFS Results Logs/(9287:9289): 
Metadata de POSTRES: 
-CONSISTENCIA: 2
-PARTICIONES=3
-TIEMPO_COMPACTACION=60000
[TRACE] 14:00:11:320 LFS Results Logs/(9287:9289): 
Metadata de TABL3: 
-CONSISTENCIA: 2
-PARTICIONES=2
-TIEMPO_COMPACTACION=44444
[TRACE] 14:00:36:161 LFS Results Logs/(9287:9289): 
Metadata de POSTRES: 
-CONSISTENCIA: 2
-PARTICIONES=3
-TIEMPO_COMPACTACION=60000
[TRACE] 14:00:36:161 LFS Results Logs/(9287:9289): 
Metadata de TABL3: 
-CONSISTENCIA: 2
-PARTICIONES=2
-TIEMPO_COMPACTACION=44444
[TRACE] 14:00:51:467 LFS Results Logs/(9287:9289): 
Metadata de POSTRES: 
-CONSISTENCIA: 2
-PARTICIONES=3
-TIEMPO_COMPACTACION=60000
[TRACE] 14:00:51:468 LFS Results Logs/(9287:9289): 
Metadata de TABL3: 
-CONSISTENCIA: 2
-PARTICIONES=2
-TIEMPO_COMPACTACION=44444
[TRACE] 14:01:06:778 LFS Results Logs/(9287:9289): 
Metadata de TABL3: 
-CONSISTENCIA: 2
-PARTICIONES=2
-TIEMPO_COMPACTACION=44444
[TRACE] 14:04:43:710 LFS Results Logs/(9287:9289): 
Metadata de POSTRES: 
-CONSISTENCIA: 2
-PARTICIONES=3
-TIEMPO_COMPACTACION=60000
[TRACE] 14:04:43:710 LFS Results Logs/(9287:9289): 
Metadata de TABL3: 
-CONSISTENCIA: 2
-PARTICIONES=2
-TIEMPO_COMPACTACION=44444
[TRACE] 14:06:27:737 LFS Results Logs/(9287:9289): 
Metadata de POSTRES: 
-CONSISTENCIA: 2
-PARTICIONES=3
-TIEMPO_COMPACTACION=60000
[TRACE] 14:06:27:738 LFS Results Logs/(9287:9289): 
Metadata de TABL3: 
-CONSISTENCIA: 2
-PARTICIONES=2
-TIEMPO_COMPACTACION=44444
[TRACE] 14:07:00:758 LFS Results Logs/(9287:9289): 
Metadata de POSTRES: 
-CONSISTENCIA: 2
-PARTICIONES=3
-TIEMPO_COMPACTACION=60000
[TRACE] 14:07:00:760 LFS Results Logs/(9287:9289): 
Metadata de TABL3: 
-CONSISTENCIA: 2
-PARTICIONES=2
-TIEMPO_COMPACTACION=44444
[TRACE] 14:07:16:70 LFS Results Logs/(9287:9289): 
Metadata de POSTRES: 
-CONSISTENCIA: 2
-PARTICIONES=3
-TIEMPO_COMPACTACION=60000
[TRACE] 14:07:16:70 LFS Results Logs/(9287:9289): 
Metadata de TABL3: 
-CONSISTENCIA: 2
-PARTICIONES=2
-TIEMPO_COMPACTACION=44444
[TRACE] 14:07:16:402 LFS Results Logs/(9287:9289): 
Metadata de POSTRES: 
-CONSISTENCIA: 2
-PARTICIONES=3
-TIEMPO_COMPACTACION=60000
[TRACE] 14:07:16:403 LFS Results Logs/(9287:9289): 
Metadata de TABL3: 
-CONSISTENCIA: 2
-PARTICIONES=2
-TIEMPO_COMPACTACION=44444
[TRACE] 14:07:31:377 LFS Results Logs/(9287:9289): 
Metadata de POSTRES: 
-CONSISTENCIA: 2
-PARTICIONES=3
-TIEMPO_COMPACTACION=60000
[TRACE] 14:07:31:377 LFS Results Logs/(9287:9289): 
Metadata de TABL3: 
-CONSISTENCIA: 2
-PARTICIONES=2
-TIEMPO_COMPACTACION=44444
[TRACE] 14:07:46:682 LFS Results Logs/(9287:9289): 
Metadata de POSTRES: 
-CONSISTENCIA: 2
-PARTICIONES=3
-TIEMPO_COMPACTACION=60000
[TRACE] 14:07:46:682 LFS Results Logs/(9287:9289): 
Metadata de TABL3: 
-CONSISTENCIA: 2
-PARTICIONES=2
-TIEMPO_COMPACTACION=44444
[TRACE] 14:08:01:991 LFS Results Logs/(9287:9289): 
Metadata de POSTRES: 
-CONSISTENCIA: 2
-PARTICIONES=3
-TIEMPO_COMPACTACION=60000
[TRACE] 14:08:01:992 LFS Results Logs/(9287:9289): 
Metadata de TABL3: 
-CONSISTENCIA: 2
-PARTICIONES=2
-TIEMPO_COMPACTACION=44444
[TRACE] 14:08:17:297 LFS Results Logs/(9287:9289): 
Metadata de POSTRES: 
-CONSISTENCIA: 2
-PARTICIONES=3
-TIEMPO_COMPACTACION=60000
[TRACE] 14:08:17:298 LFS Results Logs/(9287:9289): 
Metadata de TABL3: 
-CONSISTENCIA: 2
-PARTICIONES=2
-TIEMPO_COMPACTACION=44444
[TRACE] 14:16:52:810 LFS Results Logs/(9287:9289): 
Metadata de POSTRES: 
-CONSISTENCIA: 2
-PARTICIONES=3
-TIEMPO_COMPACTACION=60000
[TRACE] 14:16:52:811 LFS Results Logs/(9287:9289): 
Metadata de TABL3: 
-CONSISTENCIA: 2
-PARTICIONES=2
-TIEMPO_COMPACTACION=44444
[TRACE] 14:17:09:973 LFS Results Logs/(9287:9289): 
Metadata de POSTRES: 
-CONSISTENCIA: 2
-PARTICIONES=3
-TIEMPO_COMPACTACION=60000
[TRACE] 14:17:09:974 LFS Results Logs/(9287:9289): 
Metadata de TABL3: 
-CONSISTENCIA: 2
-PARTICIONES=2
-TIEMPO_COMPACTACION=44444
[TRACE] 14:17:25:571 LFS Results Logs/(9287:9289): 
Metadata de POSTRES: 
-CONSISTENCIA: 2
-PARTICIONES=3
-TIEMPO_COMPACTACION=60000
[TRACE] 14:17:25:571 LFS Results Logs/(9287:9289): 
Metadata de TABL3: 
-CONSISTENCIA: 2
-PARTICIONES=2
-TIEMPO_COMPACTACION=44444
[TRACE] 14:17:40:877 LFS Results Logs/(9287:9289): 
Metadata de POSTRES: 
-CONSISTENCIA: 2
-PARTICIONES=3
-TIEMPO_COMPACTACION=60000
[TRACE] 14:17:40:878 LFS Results Logs/(9287:9289): 
Metadata de TABL3: 
-CONSISTENCIA: 2
-PARTICIONES=2
-TIEMPO_COMPACTACION=44444
[TRACE] 14:17:56:183 LFS Results Logs/(9287:9289): 
Metadata de POSTRES: 
-CONSISTENCIA: 2
-PARTICIONES=3
-TIEMPO_COMPACTACION=60000
[TRACE] 14:17:56:183 LFS Results Logs/(9287:9289): 
Metadata de TABL3: 
-CONSISTENCIA: 2
-PARTICIONES=2
-TIEMPO_COMPACTACION=44444
[TRACE] 14:18:11:492 LFS Results Logs/(9287:9289): 
Metadata de POSTRES: 
-CONSISTENCIA: 2
-PARTICIONES=3
-TIEMPO_COMPACTACION=60000
[TRACE] 14:18:11:492 LFS Results Logs/(9287:9289): 
Metadata de TABL3: 
-CONSISTENCIA: 2
-PARTICIONES=2
-TIEMPO_COMPACTACION=44444
[TRACE] 14:18:26:798 LFS Results Logs/(9287:9289): 
Metadata de POSTRES: 
-CONSISTENCIA: 2
-PARTICIONES=3
-TIEMPO_COMPACTACION=60000
[TRACE] 14:18:26:799 LFS Results Logs/(9287:9289): 
Metadata de TABL3: 
-CONSISTENCIA: 2
-PARTICIONES=2
-TIEMPO_COMPACTACION=44444
[TRACE] 14:18:42:106 LFS Results Logs/(9287:9289): 
Metadata de POSTRES: 
-CONSISTENCIA: 2
-PARTICIONES=3
-TIEMPO_COMPACTACION=60000
[TRACE] 14:18:42:106 LFS Results Logs/(9287:9289): 
Metadata de TABL3: 
-CONSISTENCIA: 2
-PARTICIONES=2
-TIEMPO_COMPACTACION=44444
[TRACE] 14:18:57:410 LFS Results Logs/(9287:9289): 
Metadata de POSTRES: 
-CONSISTENCIA: 2
-PARTICIONES=3
-TIEMPO_COMPACTACION=60000
[TRACE] 14:18:57:410 LFS Results Logs/(9287:9289): 
Metadata de TABL3: 
-CONSISTENCIA: 2
-PARTICIONES=2
-TIEMPO_COMPACTACION=44444
[TRACE] 14:19:12:719 LFS Results Logs/(9287:9289): 
Metadata de POSTRES: 
-CONSISTENCIA: 2
-PARTICIONES=3
-TIEMPO_COMPACTACION=60000
[TRACE] 14:19:12:720 LFS Results Logs/(9287:9289): 
Metadata de TABL3: 
-CONSISTENCIA: 2
-PARTICIONES=2
-TIEMPO_COMPACTACION=44444
[TRACE] 14:19:28:28 LFS Results Logs/(9287:9289): 
Metadata de POSTRES: 
-CONSISTENCIA: 2
-PARTICIONES=3
-TIEMPO_COMPACTACION=60000
[TRACE] 14:19:28:28 LFS Results Logs/(9287:9289): 
Metadata de TABL3: 
-CONSISTENCIA: 2
-PARTICIONES=2
-TIEMPO_COMPACTACION=44444
[TRACE] 14:19:43:334 LFS Results Logs/(9287:9289): 
Metadata de POSTRES: 
-CONSISTENCIA: 2
-PARTICIONES=3
-TIEMPO_COMPACTACION=60000
[TRACE] 14:19:43:335 LFS Results Logs/(9287:9289): 
Metadata de TABL3: 
-CONSISTENCIA: 2
-PARTICIONES=2
-TIEMPO_COMPACTACION=44444
[TRACE] 14:19:58:642 LFS Results Logs/(9287:9289): 
Metadata de POSTRES: 
-CONSISTENCIA: 2
-PARTICIONES=3
-TIEMPO_COMPACTACION=60000
[TRACE] 14:19:58:642 LFS Results Logs/(9287:9289): 
Metadata de TABL3: 
-CONSISTENCIA: 2
-PARTICIONES=2
-TIEMPO_COMPACTACION=44444
[TRACE] 14:20:13:950 LFS Results Logs/(9287:9289): 
Metadata de POSTRES: 
-CONSISTENCIA: 2
-PARTICIONES=3
-TIEMPO_COMPACTACION=60000
[TRACE] 14:20:13:951 LFS Results Logs/(9287:9289): 
Metadata de TABL3: 
-CONSISTENCIA: 2
-PARTICIONES=2
-TIEMPO_COMPACTACION=44444
[TRACE] 14:20:29:257 LFS Results Logs/(9287:9289): 
Metadata de POSTRES: 
-CONSISTENCIA: 2
-PARTICIONES=3
-TIEMPO_COMPACTACION=60000
[TRACE] 14:20:29:257 LFS Results Logs/(9287:9289): 
Metadata de TABL3: 
-CONSISTENCIA: 2
-PARTICIONES=2
-TIEMPO_COMPACTACION=44444
[TRACE] 14:20:44:563 LFS Results Logs/(9287:9289): 
Metadata de POSTRES: 
-CONSISTENCIA: 2
-PARTICIONES=3
-TIEMPO_COMPACTACION=60000
[TRACE] 14:20:44:563 LFS Results Logs/(9287:9289): 
Metadata de TABL3: 
-CONSISTENCIA: 2
-PARTICIONES=2
-TIEMPO_COMPACTACION=44444
[TRACE] 14:20:59:869 LFS Results Logs/(9287:9289): 
Metadata de POSTRES: 
-CONSISTENCIA: 2
-PARTICIONES=3
-TIEMPO_COMPACTACION=60000
[TRACE] 14:20:59:869 LFS Results Logs/(9287:9289): 
Metadata de TABL3: 
-CONSISTENCIA: 2
-PARTICIONES=2
-TIEMPO_COMPACTACION=44444
[TRACE] 14:21:15:174 LFS Results Logs/(9287:9289): 
Metadata de POSTRES: 
-CONSISTENCIA: 2
-PARTICIONES=3
-TIEMPO_COMPACTACION=60000
[TRACE] 14:21:15:174 LFS Results Logs/(9287:9289): 
Metadata de TABL3: 
-CONSISTENCIA: 2
-PARTICIONES=2
-TIEMPO_COMPACTACION=44444
[TRACE] 14:21:30:481 LFS Results Logs/(9287:9289): 
Metadata de POSTRES: 
-CONSISTENCIA: 2
-PARTICIONES=3
-TIEMPO_COMPACTACION=60000
[TRACE] 14:21:30:481 LFS Results Logs/(9287:9289): 
Metadata de TABL3: 
-CONSISTENCIA: 2
-PARTICIONES=2
-TIEMPO_COMPACTACION=44444
[TRACE] 14:21:45:788 LFS Results Logs/(9287:9289): 
Metadata de POSTRES: 
-CONSISTENCIA: 2
-PARTICIONES=3
-TIEMPO_COMPACTACION=60000
[TRACE] 14:21:45:788 LFS Results Logs/(9287:9289): 
Metadata de TABL3: 
-CONSISTENCIA: 2
-PARTICIONES=2
-TIEMPO_COMPACTACION=44444
[TRACE] 14:22:01:94 LFS Results Logs/(9287:9289): 
Metadata de POSTRES: 
-CONSISTENCIA: 2
-PARTICIONES=3
-TIEMPO_COMPACTACION=60000
[TRACE] 14:22:01:95 LFS Results Logs/(9287:9289): 
Metadata de TABL3: 
-CONSISTENCIA: 2
-PARTICIONES=2
-TIEMPO_COMPACTACION=44444
[TRACE] 14:22:16:403 LFS Results Logs/(9287:9289): 
Metadata de POSTRES: 
-CONSISTENCIA: 2
-PARTICIONES=3
-TIEMPO_COMPACTACION=60000
[TRACE] 14:22:16:404 LFS Results Logs/(9287:9289): 
Metadata de TABL3: 
-CONSISTENCIA: 2
-PARTICIONES=2
-TIEMPO_COMPACTACION=44444
[TRACE] 14:22:31:712 LFS Results Logs/(9287:9289): 
Metadata de POSTRES: 
-CONSISTENCIA: 2
-PARTICIONES=3
-TIEMPO_COMPACTACION=60000
[TRACE] 14:22:31:712 LFS Results Logs/(9287:9289): 
Metadata de TABL3: 
-CONSISTENCIA: 2
-PARTICIONES=2
-TIEMPO_COMPACTACION=44444
[TRACE] 14:22:47:19 LFS Results Logs/(9287:9289): 
Metadata de POSTRES: 
-CONSISTENCIA: 2
-PARTICIONES=3
-TIEMPO_COMPACTACION=60000
[TRACE] 14:22:47:20 LFS Results Logs/(9287:9289): 
Metadata de TABL3: 
-CONSISTENCIA: 2
-PARTICIONES=2
-TIEMPO_COMPACTACION=44444
[TRACE] 14:23:02:329 LFS Results Logs/(9287:9289): 
Metadata de POSTRES: 
-CONSISTENCIA: 2
-PARTICIONES=3
-TIEMPO_COMPACTACION=60000
[TRACE] 14:23:02:329 LFS Results Logs/(9287:9289): 
Metadata de TABL3: 
-CONSISTENCIA: 2
-PARTICIONES=2
-TIEMPO_COMPACTACION=44444
[TRACE] 14:23:17:638 LFS Results Logs/(9287:9289): 
Metadata de POSTRES: 
-CONSISTENCIA: 2
-PARTICIONES=3
-TIEMPO_COMPACTACION=60000
[TRACE] 14:23:17:639 LFS Results Logs/(9287:9289): 
Metadata de TABL3: 
-CONSISTENCIA: 2
-PARTICIONES=2
-TIEMPO_COMPACTACION=44444
[TRACE] 14:23:32:950 LFS Results Logs/(9287:9289): 
Metadata de POSTRES: 
-CONSISTENCIA: 2
-PARTICIONES=3
-TIEMPO_COMPACTACION=60000
[TRACE] 14:23:32:950 LFS Results Logs/(9287:9289): 
Metadata de TABL3: 
-CONSISTENCIA: 2
-PARTICIONES=2
-TIEMPO_COMPACTACION=44444
[TRACE] 14:23:48:259 LFS Results Logs/(9287:9289): 
Metadata de POSTRES: 
-CONSISTENCIA: 2
-PARTICIONES=3
-TIEMPO_COMPACTACION=60000
[TRACE] 14:23:48:259 LFS Results Logs/(9287:9289): 
Metadata de TABL3: 
-CONSISTENCIA: 2
-PARTICIONES=2
-TIEMPO_COMPACTACION=44444
[TRACE] 14:24:03:567 LFS Results Logs/(9287:9289): 
Metadata de POSTRES: 
-CONSISTENCIA: 2
-PARTICIONES=3
-TIEMPO_COMPACTACION=60000
[TRACE] 14:24:03:567 LFS Results Logs/(9287:9289): 
Metadata de TABL3: 
-CONSISTENCIA: 2
-PARTICIONES=2
-TIEMPO_COMPACTACION=44444
[TRACE] 14:24:18:875 LFS Results Logs/(9287:9289): 
Metadata de POSTRES: 
-CONSISTENCIA: 2
-PARTICIONES=3
-TIEMPO_COMPACTACION=60000
[TRACE] 14:24:18:875 LFS Results Logs/(9287:9289): 
Metadata de TABL3: 
-CONSISTENCIA: 2
-PARTICIONES=2
-TIEMPO_COMPACTACION=44444
[TRACE] 14:24:34:180 LFS Results Logs/(9287:9289): 
Metadata de POSTRES: 
-CONSISTENCIA: 2
-PARTICIONES=3
-TIEMPO_COMPACTACION=60000
[TRACE] 14:24:34:180 LFS Results Logs/(9287:9289): 
Metadata de TABL3: 
-CONSISTENCIA: 2
-PARTICIONES=2
-TIEMPO_COMPACTACION=44444
[TRACE] 14:24:49:486 LFS Results Logs/(9287:9289): 
Metadata de POSTRES: 
-CONSISTENCIA: 2
-PARTICIONES=3
-TIEMPO_COMPACTACION=60000
[TRACE] 14:24:49:487 LFS Results Logs/(9287:9289): 
Metadata de TABL3: 
-CONSISTENCIA: 2
-PARTICIONES=2
-TIEMPO_COMPACTACION=44444
[TRACE] 14:25:04:792 LFS Results Logs/(9287:9289): 
Metadata de POSTRES: 
-CONSISTENCIA: 2
-PARTICIONES=3
-TIEMPO_COMPACTACION=60000
[TRACE] 14:25:04:792 LFS Results Logs/(9287:9289): 
Metadata de TABL3: 
-CONSISTENCIA: 2
-PARTICIONES=2
-TIEMPO_COMPACTACION=44444
[TRACE] 14:25:20:101 LFS Results Logs/(9287:9289): 
Metadata de POSTRES: 
-CONSISTENCIA: 2
-PARTICIONES=3
-TIEMPO_COMPACTACION=60000
[TRACE] 14:25:20:102 LFS Results Logs/(9287:9289): 
Metadata de TABL3: 
-CONSISTENCIA: 2
-PARTICIONES=2
-TIEMPO_COMPACTACION=44444
[TRACE] 14:25:35:409 LFS Results Logs/(9287:9289): 
Metadata de POSTRES: 
-CONSISTENCIA: 2
-PARTICIONES=3
-TIEMPO_COMPACTACION=60000
[TRACE] 14:25:35:409 LFS Results Logs/(9287:9289): 
Metadata de TABL3: 
-CONSISTENCIA: 2
-PARTICIONES=2
-TIEMPO_COMPACTACION=44444
[TRACE] 14:25:50:715 LFS Results Logs/(9287:9289): 
Metadata de POSTRES: 
-CONSISTENCIA: 2
-PARTICIONES=3
-TIEMPO_COMPACTACION=60000
[TRACE] 14:25:50:715 LFS Results Logs/(9287:9289): 
Metadata de TABL3: 
-CONSISTENCIA: 2
-PARTICIONES=2
-TIEMPO_COMPACTACION=44444
[TRACE] 14:26:06:19 LFS Results Logs/(9287:9289): 
Metadata de POSTRES: 
-CONSISTENCIA: 2
-PARTICIONES=3
-TIEMPO_COMPACTACION=60000
[TRACE] 14:26:06:20 LFS Results Logs/(9287:9289): 
Metadata de TABL3: 
-CONSISTENCIA: 2
-PARTICIONES=2
-TIEMPO_COMPACTACION=44444
[TRACE] 14:26:21:330 LFS Results Logs/(9287:9289): 
Metadata de POSTRES: 
-CONSISTENCIA: 2
-PARTICIONES=3
-TIEMPO_COMPACTACION=60000
[TRACE] 14:26:21:331 LFS Results Logs/(9287:9289): 
Metadata de TABL3: 
-CONSISTENCIA: 2
-PARTICIONES=2
-TIEMPO_COMPACTACION=44444
[TRACE] 14:26:36:636 LFS Results Logs/(9287:9289): 
Metadata de POSTRES: 
-CONSISTENCIA: 2
-PARTICIONES=3
-TIEMPO_COMPACTACION=60000
[TRACE] 14:26:36:636 LFS Results Logs/(9287:9289): 
Metadata de TABL3: 
-CONSISTENCIA: 2
-PARTICIONES=2
-TIEMPO_COMPACTACION=44444
[TRACE] 14:26:51:943 LFS Results Logs/(9287:9289): 
Metadata de POSTRES: 
-CONSISTENCIA: 2
-PARTICIONES=3
-TIEMPO_COMPACTACION=60000
[TRACE] 14:26:51:944 LFS Results Logs/(9287:9289): 
Metadata de TABL3: 
-CONSISTENCIA: 2
-PARTICIONES=2
-TIEMPO_COMPACTACION=44444
[TRACE] 14:27:07:252 LFS Results Logs/(9287:9289): 
Metadata de POSTRES: 
-CONSISTENCIA: 2
-PARTICIONES=3
-TIEMPO_COMPACTACION=60000
[TRACE] 14:27:07:253 LFS Results Logs/(9287:9289): 
Metadata de TABL3: 
-CONSISTENCIA: 2
-PARTICIONES=2
-TIEMPO_COMPACTACION=44444
[TRACE] 14:27:22:559 LFS Results Logs/(9287:9289): 
Metadata de POSTRES: 
-CONSISTENCIA: 2
-PARTICIONES=3
-TIEMPO_COMPACTACION=60000
[TRACE] 14:27:22:560 LFS Results Logs/(9287:9289): 
Metadata de TABL3: 
-CONSISTENCIA: 2
-PARTICIONES=2
-TIEMPO_COMPACTACION=44444
[TRACE] 14:27:37:863 LFS Results Logs/(9287:9289): 
Metadata de POSTRES: 
-CONSISTENCIA: 2
-PARTICIONES=3
-TIEMPO_COMPACTACION=60000
[TRACE] 14:27:37:864 LFS Results Logs/(9287:9289): 
Metadata de TABL3: 
-CONSISTENCIA: 2
-PARTICIONES=2
-TIEMPO_COMPACTACION=44444
[TRACE] 14:27:53:180 LFS Results Logs/(9287:9289): 
Metadata de POSTRES: 
-CONSISTENCIA: 2
-PARTICIONES=3
-TIEMPO_COMPACTACION=60000
[TRACE] 14:27:53:180 LFS Results Logs/(9287:9289): 
Metadata de TABL3: 
-CONSISTENCIA: 2
-PARTICIONES=2
-TIEMPO_COMPACTACION=44444
[TRACE] 14:28:08:509 LFS Results Logs/(9287:9289): 
Metadata de POSTRES: 
-CONSISTENCIA: 2
-PARTICIONES=3
-TIEMPO_COMPACTACION=60000
[TRACE] 14:28:08:510 LFS Results Logs/(9287:9289): 
Metadata de TABL3: 
-CONSISTENCIA: 2
-PARTICIONES=2
-TIEMPO_COMPACTACION=44444
[TRACE] 14:28:23:829 LFS Results Logs/(9287:9289): 
Metadata de POSTRES: 
-CONSISTENCIA: 2
-PARTICIONES=3
-TIEMPO_COMPACTACION=60000
[TRACE] 14:28:23:829 LFS Results Logs/(9287:9289): 
Metadata de TABL3: 
-CONSISTENCIA: 2
-PARTICIONES=2
-TIEMPO_COMPACTACION=44444
[TRACE] 14:28:39:135 LFS Results Logs/(9287:9289): 
Metadata de POSTRES: 
-CONSISTENCIA: 2
-PARTICIONES=3
-TIEMPO_COMPACTACION=60000
[TRACE] 14:28:39:135 LFS Results Logs/(9287:9289): 
Metadata de TABL3: 
-CONSISTENCIA: 2
-PARTICIONES=2
-TIEMPO_COMPACTACION=44444
[TRACE] 14:28:54:442 LFS Results Logs/(9287:9289): 
Metadata de POSTRES: 
-CONSISTENCIA: 2
-PARTICIONES=3
-TIEMPO_COMPACTACION=60000
[TRACE] 14:28:54:443 LFS Results Logs/(9287:9289): 
Metadata de TABL3: 
-CONSISTENCIA: 2
-PARTICIONES=2
-TIEMPO_COMPACTACION=44444
[TRACE] 14:29:09:749 LFS Results Logs/(9287:9289): 
Metadata de POSTRES: 
-CONSISTENCIA: 2
-PARTICIONES=3
-TIEMPO_COMPACTACION=60000
[TRACE] 14:29:09:750 LFS Results Logs/(9287:9289): 
Metadata de TABL3: 
-CONSISTENCIA: 2
-PARTICIONES=2
-TIEMPO_COMPACTACION=44444
[TRACE] 14:29:25:89 LFS Results Logs/(9287:9289): 
Metadata de POSTRES: 
-CONSISTENCIA: 2
-PARTICIONES=3
-TIEMPO_COMPACTACION=60000
[TRACE] 14:29:25:89 LFS Results Logs/(9287:9289): 
Metadata de TABL3: 
-CONSISTENCIA: 2
-PARTICIONES=2
-TIEMPO_COMPACTACION=44444
[TRACE] 14:29:35:952 LFS Results Logs/(9287:9287): 
Metadata de POSTRES: 
-CONSISTENCIA: 2
-PARTICIONES=3
-TIEMPO_COMPACTACION=60000
[TRACE] 14:29:35:952 LFS Results Logs/(9287:9287): 
Metadata de TABL3: 
-CONSISTENCIA: 2
-PARTICIONES=2
-TIEMPO_COMPACTACION=44444
[TRACE] 14:29:40:398 LFS Results Logs/(9287:9289): 
Metadata de POSTRES: 
-CONSISTENCIA: 2
-PARTICIONES=3
-TIEMPO_COMPACTACION=60000
[TRACE] 14:29:40:399 LFS Results Logs/(9287:9289): 
Metadata de TABL3: 
-CONSISTENCIA: 2
-PARTICIONES=2
-TIEMPO_COMPACTACION=44444
[TRACE] 14:29:46:605 LFS Results Logs/(9287:9287): 
Metadata de POSTRES: 
-CONSISTENCIA: 2
-PARTICIONES=3
-TIEMPO_COMPACTACION=60000
[TRACE] 14:34:17:415 LFS Results Logs/(9287:9289): 
Metadata de ALGO: 
-CONSISTENCIA: 2
-PARTICIONES=2
-TIEMPO_COMPACTACION=4444444
[TRACE] 14:34:32:893 LFS Results Logs/(9287:9289): 
Metadata de ALGO: 
-CONSISTENCIA: 2
-PARTICIONES=2
-TIEMPO_COMPACTACION=4444444
[TRACE] 14:34:51:915 LFS Results Logs/(9287:9289): 
Metadata de ALGO: 
-CONSISTENCIA: 2
-PARTICIONES=2
-TIEMPO_COMPACTACION=4444444
[TRACE] 14:36:16:924 LFS Results Logs/(9287:9289): 
Metadata de ALGO: 
-CONSISTENCIA: 2
-PARTICIONES=2
-TIEMPO_COMPACTACION=4444444
[TRACE] 14:42:18:746 LFS Results Logs/(11306:11306): 
Metadata de ALGO: 
-CONSISTENCIA: 2
-PARTICIONES=2
-TIEMPO_COMPACTACION=4444444
[TRACE] 14:42:41:388 LFS Results Logs/(11306:11306): Insert de 4;FDSFSDFSDFS en TABLA realizado en memtable
[TRACE] 14:42:52:26 LFS Results Logs/(11306:11306): Registro con mayor timestamp: 1563385361387.000000;4;FDSFSDFSDFS
[TRACE] 14:43:32:942 LFS Results Logs/(11306:11308): Registro con mayor timestamp: 1563385361387.000000;4;FDSFSDFSDFS
[TRACE] 14:47:24:62 LFS Results Logs/(11306:11308): Registro no encontrado
[TRACE] 14:48:09:859 LFS Results Logs/(11306:11308): 
Metadata de TABLA: 
-CONSISTENCIA: 2
-PARTICIONES=2
-TIEMPO_COMPACTACION=2
[TRACE] 14:48:25:164 LFS Results Logs/(11306:11308): 
Metadata de TABLA: 
-CONSISTENCIA: 2
-PARTICIONES=2
-TIEMPO_COMPACTACION=2
[TRACE] 14:51:14:592 LFS Results Logs/(11306:11308): Registro con mayor timestamp: 1563385361387.000000;4;FDSFSDFSDFS
